#
# There is insufficient memory for the Java Runtime Environment to continue.
# Native memory allocation (mmap) failed to map 134217728 bytes for Failed to commit area from 0x0000000081c00000 to 0x0000000089c00000 of length 134217728.
# Possible reasons:
#   The system is out of physical RAM or swap space
#   The process is running with CompressedOops enabled, and the Java Heap may be blocking the growth of the native heap
# Possible solutions:
#   Reduce memory load on the system
#   Increase physical memory or swap space
#   Check if swap backing store is full
#   Decrease Java heap size (-Xmx/-Xms)
#   Decrease number of Java threads
#   Decrease Java thread stack sizes (-Xss)
#   Set larger code cache with -XX:ReservedCodeCacheSize=
#   JVM is running with Unscaled Compressed Oops mode in which the Java heap is
#     placed in the first 4GB address space. The Java Heap base address is the
#     maximum limit for the native heap growth. Please use -XX:HeapBaseMinAddress
#     to set the Java Heap base and to place the Java Heap above 4GB virtual address.
# This output file may be truncated or incomplete.
#
#  Out of Memory Error (c:/cygwin64/tmp/openjdk-jdk14u-windows-x64-hotspot/workspace/build/src/src/hotspot/os/windows/os_windows.cpp:3315), pid=3668, tid=10956
#
# JRE version:  (14.0+36) (build )
# Java VM: OpenJDK 64-Bit Server VM (14+36, mixed mode, sharing, tiered, compressed oops, g1 gc, windows-amd64)
# No core dump will be written. Minidumps are not enabled by default on client versions of Windows
#

---------------  S U M M A R Y ------------

Command Line: -Dfile.encoding=MS949 MenuManager

Host: Intel(R) Core(TM) i7-7500U CPU @ 2.70GHz, 4 cores, 7G,  Windows 10 , 64 bit Build 18362 (10.0.18362.778)
Time: Tue Apr 28 14:57:56 2020 ¢¥eCN©öI¡¾©ö C¡ÍA¨ª¨öA elapsed time: 0 seconds (0d 0h 0m 0s)

---------------  T H R E A D  ---------------

Current thread (0x0000018b5bc9a000):  JavaThread "Unknown thread" [_thread_in_vm, id=10956, stack(0x000000087ef00000,0x000000087f000000)]

Stack: [0x000000087ef00000,0x000000087f000000]
Native frames: (J=compiled Java code, j=interpreted, Vv=VM code, C=native code)
V  [jvm.dll+0x5fd4ca]
V  [jvm.dll+0x7a96aa]
V  [jvm.dll+0x7aae5f]
V  [jvm.dll+0x7ab4a3]
V  [jvm.dll+0x20f0a8]
V  [jvm.dll+0x5fa87a]
V  [jvm.dll+0x5ef6d5]
V  [jvm.dll+0x2ca92c]
V  [jvm.dll+0x2ca762]
V  [jvm.dll+0x2d064c]
V  [jvm.dll+0x316bc8]
V  [jvm.dll+0x3162f0]
V  [jvm.dll+0x2a327a]
V  [jvm.dll+0x2a43c9]
V  [jvm.dll+0x786d88]
V  [jvm.dll+0x324814]
V  [jvm.dll+0x76826c]
V  [jvm.dll+0x395a3f]
V  [jvm.dll+0x397c71]
C  [jli.dll+0x523b]
C  [ucrtbase.dll+0x20e72]
C  [KERNEL32.DLL+0x17bd4]
C  [ntdll.dll+0x6ce51]


---------------  P R O C E S S  ---------------

Threads class SMR info:
_java_thread_list=0x00007fff42112038, length=0, elements={
}

Java Threads: ( => current thread )

Other Threads:
  0x0000018b5bcdd800 GCTaskThread "GC Thread#0" [stack: 0x000000087f000000,0x000000087f100000] [id=11032]
  0x0000018b5bcf0000 ConcurrentGCThread "G1 Main Marker" [stack: 0x000000087f100000,0x000000087f200000] [id=15184]
  0x0000018b5bcf1800 ConcurrentGCThread "G1 Conc#0" [stack: 0x000000087f200000,0x000000087f300000] [id=7804]

[error occurred during error reporting (printing all threads), id 0xc0000005, EXCEPTION_ACCESS_VIOLATION (0xc0000005) at pc=0x00007fff418b3ba7]

VM state:not at safepoint (not fully initialized)

VM Mutex/Monitor currently owned by a thread:  ([mutex/lock_event])
[0x0000018b5bc94250] Heap_lock - owner thread: 0x0000018b5bc9a000

Heap address: 0x0000000081c00000, size: 2020 MB, Compressed Oops mode: 32-bit
Narrow klass base: 0x0000000000000000, Narrow klass shift: 0

GC Heap History (0 events):
No events

Deoptimization events (0 events):
No events

Classes unloaded (0 events):
No events

Classes redefined (0 events):
No events

Internal exceptions (0 events):
No events

Events (2 events):
Event: 0.014 Loaded shared library C:\Program Files\AdoptOpenJDK\jdk-14.0.0.36-hotspot\bin\java.dll
Event: 0.014 Loaded shared library C:\Program Files\AdoptOpenJDK\jdk-14.0.0.36-hotspot\bin\zip.dll


Dynamic libraries:
0x00007ff71e910000 - 0x00007ff71e91d000 	C:\Program Files\AdoptOpenJDK\jdk-14.0.0.36-hotspot\bin\javaw.exe
0x00007fff7d560000 - 0x00007fff7d750000 	C:\WINDOWS\SYSTEM32\ntdll.dll
0x00007fff7d150000 - 0x00007fff7d202000 	C:\WINDOWS\System32\KERNEL32.DLL
0x00007fff7ad50000 - 0x00007fff7aff3000 	C:\WINDOWS\System32\KERNELBASE.dll
0x00007fff7b510000 - 0x00007fff7b60a000 	C:\WINDOWS\System32\ucrtbase.dll
0x00007fff73880000 - 0x00007fff73898000 	C:\Program Files\AdoptOpenJDK\jdk-14.0.0.36-hotspot\bin\jli.dll
0x00007fff6bf30000 - 0x00007fff6bf46000 	C:\Program Files\AdoptOpenJDK\jdk-14.0.0.36-hotspot\bin\VCRUNTIME140.dll
0x00007fff7c7c0000 - 0x00007fff7c954000 	C:\WINDOWS\System32\USER32.dll
0x00007fff7b290000 - 0x00007fff7b2b1000 	C:\WINDOWS\System32\win32u.dll
0x00007fff7c700000 - 0x00007fff7c726000 	C:\WINDOWS\System32\GDI32.dll
0x00007fff7b370000 - 0x00007fff7b504000 	C:\WINDOWS\System32\gdi32full.dll
0x00007fff7b1d0000 - 0x00007fff7b26e000 	C:\WINDOWS\System32\msvcp_win.dll
0x00007fff5e2e0000 - 0x00007fff5e565000 	C:\WINDOWS\WinSxS\amd64_microsoft.windows.common-controls_6595b64144ccf1df_6.0.18362.778_none_e6c6b761130d4fb8\COMCTL32.dll
0x00007fff7b6b0000 - 0x00007fff7b74e000 	C:\WINDOWS\System32\msvcrt.dll
0x00007fff7c350000 - 0x00007fff7c686000 	C:\WINDOWS\System32\combase.dll
0x00007fff7cb60000 - 0x00007fff7cc80000 	C:\WINDOWS\System32\RPCRT4.dll
0x00007fff7b000000 - 0x00007fff7b080000 	C:\WINDOWS\System32\bcryptPrimitives.dll
0x00007fff7d4f0000 - 0x00007fff7d51e000 	C:\WINDOWS\System32\IMM32.DLL
0x00007fff4da40000 - 0x00007fff4dadb000 	C:\Program Files\AdoptOpenJDK\jdk-14.0.0.36-hotspot\bin\msvcp140.dll
0x00007fff41600000 - 0x00007fff421b4000 	C:\Program Files\AdoptOpenJDK\jdk-14.0.0.36-hotspot\bin\server\jvm.dll
0x00007fff7c070000 - 0x00007fff7c113000 	C:\WINDOWS\System32\ADVAPI32.dll
0x00007fff7d450000 - 0x00007fff7d4e7000 	C:\WINDOWS\System32\sechost.dll
0x00007fff7b6a0000 - 0x00007fff7b6a8000 	C:\WINDOWS\System32\PSAPI.DLL
0x00007fff78f20000 - 0x00007fff78f29000 	C:\WINDOWS\SYSTEM32\WSOCK32.dll
0x00007fff7c690000 - 0x00007fff7c6ff000 	C:\WINDOWS\System32\WS2_32.dll
0x00007fff76010000 - 0x00007fff7601a000 	C:\WINDOWS\SYSTEM32\VERSION.dll
0x00007fff71b40000 - 0x00007fff71b64000 	C:\WINDOWS\SYSTEM32\WINMM.dll
0x00007fff71900000 - 0x00007fff7192d000 	C:\WINDOWS\SYSTEM32\winmmbase.dll
0x00007fff7ac70000 - 0x00007fff7acba000 	C:\WINDOWS\System32\cfgmgr32.dll
0x00007fff7a4d0000 - 0x00007fff7a4e1000 	C:\WINDOWS\System32\kernel.appcore.dll
0x00007fff75010000 - 0x00007fff7501a000 	C:\Program Files\AdoptOpenJDK\jdk-14.0.0.36-hotspot\bin\jimage.dll
0x00007fff78d00000 - 0x00007fff78ef4000 	C:\WINDOWS\SYSTEM32\DBGHELP.DLL
0x00007fff751a0000 - 0x00007fff751ca000 	C:\WINDOWS\SYSTEM32\dbgcore.DLL
0x00007fff6ad50000 - 0x00007fff6ad75000 	C:\Program Files\AdoptOpenJDK\jdk-14.0.0.36-hotspot\bin\java.dll
0x00007fff717a0000 - 0x00007fff717b7000 	C:\Program Files\AdoptOpenJDK\jdk-14.0.0.36-hotspot\bin\zip.dll

dbghelp: loaded successfully - version: 4.0.5 - missing functions: none
symbol engine: initialized successfully - sym options: 0x614 - pdb path: .;C:\Program Files\AdoptOpenJDK\jdk-14.0.0.36-hotspot\bin;C:\WINDOWS\SYSTEM32;C:\WINDOWS\WinSxS\amd64_microsoft.windows.common-controls_6595b64144ccf1df_6.0.18362.778_none_e6c6b761130d4fb8;C:\Program Files\AdoptOpenJDK\jdk-14.0.0.36-hotspot\bin\server

VM Arguments:
jvm_args: -Dfile.encoding=MS949 
java_command: MenuManager
java_class_path (initial): C:\Users\82102\git\StockManagementSystem\bin
Launcher Type: SUN_STANDARD

[Global flags]
     intx CICompilerCount                          = 3                                         {product} {ergonomic}
     uint ConcGCThreads                            = 1                                         {product} {ergonomic}
     uint G1ConcRefinementThreads                  = 4                                         {product} {ergonomic}
   size_t G1HeapRegionSize                         = 1048576                                   {product} {ergonomic}
    uintx GCDrainStackTargetSize                   = 64                                        {product} {ergonomic}
   size_t InitialHeapSize                          = 134217728                                 {product} {ergonomic}
   size_t MarkStackSize                            = 4194304                                   {product} {ergonomic}
   size_t MaxHeapSize                              = 2118123520                                {product} {ergonomic}
   size_t MinHeapDeltaBytes                        = 1048576                                   {product} {ergonomic}
   size_t MinHeapSize                              = 8388608                                   {product} {ergonomic}
    uintx NonNMethodCodeHeapSize                   = 5832780                                {pd product} {ergonomic}
    uintx NonProfiledCodeHeapSize                  = 122912730                              {pd product} {ergonomic}
    uintx ProfiledCodeHeapSize                     = 122912730                              {pd product} {ergonomic}
    uintx ReservedCodeCacheSize                    = 251658240                              {pd product} {ergonomic}
     bool SegmentedCodeCache                       = true                                      {product} {ergonomic}
   size_t SoftMaxHeapSize                          = 2118123520                             {manageable} {ergonomic}
     bool UseCompressedClassPointers               = true                                 {lp64_product} {ergonomic}
     bool UseCompressedOops                        = true                                 {lp64_product} {ergonomic}
     bool UseG1GC                                  = true                                      {product} {ergonomic}
     bool UseLargePagesIndividualAllocation        = false                                  {pd product} {ergonomic}

Logging:
Log output configuration:
 #0: stdout all=warning uptime,level,tags
 #1: stderr all=off uptime,level,tags

Environment Variables:
PATH=C:/Program Files/AdoptOpenJDK/jdk-14.0.0.36-hotspot/bin/client;C:/Program Files/AdoptOpenJDK/jdk-14.0.0.36-hotspot/bin;C:\Program Files\AdoptOpenJDK\jdk-14.0.0.36-hotspot\bin;C:\WINDOWS\system32;C:\WINDOWS;C:\WINDOWS\System32\Wbem;C:\WINDOWS\System32\WindowsPowerShell\v1.0\;C:\WINDOWS\System32\OpenSSH\;C:\Program Files\Intel\WiFi\bin\;C:\Program Files\Common Files\Intel\WirelessCommon\;C:\Users\82102\AppData\Local\Microsoft\WindowsApps;C:\Program Files\Bandizip\;;C:\Users\82102\Desktop;
USERNAME=82102
OS=Windows_NT
PROCESSOR_IDENTIFIER=Intel64 Family 6 Model 142 Stepping 9, GenuineIntel



---------------  S Y S T E M  ---------------

OS: Windows 10 , 64 bit Build 18362 (10.0.18362.778)
OS uptime: 11 days 6:07 hours

CPU:total 4 (initial active 4) (2 cores per cpu, 2 threads per core) family 6 model 142 stepping 9, cmov, cx8, fxsr, mmx, sse, sse2, sse3, ssse3, sse4.1, sse4.2, popcnt, avx, avx2, aes, clmul, erms, 3dnowpref, lzcnt, ht, tsc, tscinvbit, bmi1, bmi2, adx, fma

Memory: 4k page, system-wide physical 8077M (2323M free)
TotalPageFile size 32653M (AvailPageFile size 118M)
current process WorkingSet (physical memory assigned to process): 10M, peak: 10M
current process commit charge ("private bytes"): 52M, peak: 179M

vm_info: OpenJDK 64-Bit Server VM (14+36) for windows-amd64 JRE (14+36), built on Mar 17 2020 14:57:31 by "" with MS VC++ 15.8 (VS2017)

END.
